==166196== Memcheck, a memory error detector
==166196== Copyright (C) 2002-2017, and GNU GPL'd, by Julian Seward et al.
==166196== Using Valgrind-3.18.1 and LibVEX; rerun with -h for copyright info
==166196== Command: ./minishell
==166196== Parent PID: 163906
==166196== 
==166196== 
==166196== HEAP SUMMARY:
==166196==     in use at exit: 208,498 bytes in 241 blocks
==166196==   total heap usage: 488 allocs, 247 frees, 233,726 bytes allocated
==166196== 
==166196== 2 bytes in 1 blocks are still reachable in loss record 1 of 67
==166196==    at 0x4848899: malloc (in /usr/libexec/valgrind/vgpreload_memcheck-amd64-linux.so)
==166196==    by 0x401890: set_next_line (in /nfs/homes/plouda/GitHub_repo/minishell/minishell)
==166196==    by 0x401B87: get_next_line (in /nfs/homes/plouda/GitHub_repo/minishell/minishell)
==166196==    by 0x401255: get_hostname (in /nfs/homes/plouda/GitHub_repo/minishell/minishell)
==166196==    by 0x40143C: main (in /nfs/homes/plouda/GitHub_repo/minishell/minishell)
==166196== 
{
   <insert_a_suppression_name_here>
   Memcheck:Leak
   match-leak-kinds: reachable
   fun:malloc
   fun:set_next_line
   fun:get_next_line
   fun:get_hostname
   fun:main
}
==166196== LEAK SUMMARY:
==166196==    definitely lost: 0 bytes in 0 blocks
==166196==    indirectly lost: 0 bytes in 0 blocks
==166196==      possibly lost: 0 bytes in 0 blocks
==166196==    still reachable: 2 bytes in 1 blocks
==166196==         suppressed: 208,496 bytes in 240 blocks
==166196== 
==166196== For lists of detected and suppressed errors, rerun with: -s
==166196== ERROR SUMMARY: 0 errors from 0 contexts (suppressed: 0 from 0)
